* Starting client
* Connecting to master process on port 14524
* Analyzing classpath: 
  - C:/Users/Ron/IdeaProjects/ATM/out
  - C:\Program Files\Java\jdk1.8.0_73\jre\lib\charsets.jar
  - C:\Program Files\Java\jdk1.8.0_73\jre\lib\deploy.jar
  - C:\Program Files\Java\jdk1.8.0_73\jre\lib\ext\access-bridge-64.jar
  - C:\Program Files\Java\jdk1.8.0_73\jre\lib\ext\cldrdata.jar
  - C:\Program Files\Java\jdk1.8.0_73\jre\lib\ext\dnsns.jar
  - C:\Program Files\Java\jdk1.8.0_73\jre\lib\ext\jaccess.jar
  - C:\Program Files\Java\jdk1.8.0_73\jre\lib\ext\jfxrt.jar
  - C:\Program Files\Java\jdk1.8.0_73\jre\lib\ext\localedata.jar
  - C:\Program Files\Java\jdk1.8.0_73\jre\lib\ext\nashorn.jar
  - C:\Program Files\Java\jdk1.8.0_73\jre\lib\ext\sunec.jar
  - C:\Program Files\Java\jdk1.8.0_73\jre\lib\ext\sunjce_provider.jar
  - C:\Program Files\Java\jdk1.8.0_73\jre\lib\ext\sunmscapi.jar
  - C:\Program Files\Java\jdk1.8.0_73\jre\lib\ext\sunpkcs11.jar
  - C:\Program Files\Java\jdk1.8.0_73\jre\lib\ext\zipfs.jar
  - C:\Program Files\Java\jdk1.8.0_73\jre\lib\javaws.jar
  - C:\Program Files\Java\jdk1.8.0_73\jre\lib\jce.jar
  - C:\Program Files\Java\jdk1.8.0_73\jre\lib\jfr.jar
  - C:\Program Files\Java\jdk1.8.0_73\jre\lib\jfxswt.jar
  - C:\Program Files\Java\jdk1.8.0_73\jre\lib\jsse.jar
  - C:\Program Files\Java\jdk1.8.0_73\jre\lib\management-agent.jar
  - C:\Program Files\Java\jdk1.8.0_73\jre\lib\plugin.jar
  - C:\Program Files\Java\jdk1.8.0_73\jre\lib\resources.jar
  - C:\Program Files\Java\jdk1.8.0_73\jre\lib\rt.jar
  - C:\Users\Ron\IdeaProjects\ATM\out
  - C:\Program Files (x86)\JetBrains\IntelliJ IDEA 15.0.3\lib\hamcrest-core-1.3.jar
  - C:\Program Files (x86)\JetBrains\IntelliJ IDEA 15.0.3\lib\junit.jar
  - C:\Program Files (x86)\JetBrains\IntelliJ IDEA 15.0.3\lib\junit-4.12.jar
* Finished analyzing classpath
* Generating tests for class banking.Receipt
* Test criteria:
  - Line Coverage
  - Branch Coverage
  - Exception
  - Mutation testing (weak)
  - Method-Output Coverage
  - Top-Level Method Coverage
  - No-Exception Top-Level Method Coverage
  - Context Branch Coverage
* Setting up search algorithm for whole suite generation
[MASTER] 10:23:36.141 [pool-2-thread-1] WARN  TestSuiteSerialization - Cannot load tests because file does not exist: C:\Users\Ron\IdeaProjects\ATM\.evosuite\evosuite-seeds\banking.Receipt.seed
* Total number of test goals: 
  - Line 26
  - Branch 19
  - Exception 0
  - MutationFactory 110
  - Output 2
  - Method 1
  - MethodNoException 1
  - CBranchFitnessFactory 19
* Using seed 1457807013656
* Starting evolution
* Search finished after 31s and 1568 generations, 0 statements, best individual has fitness: 205.96296296296296
* Writing sequences to pool
* Minimizing test suite
* Going to analyze the coverage criteria
* Coverage analysis for criterion LINE
* Coverage of criterion LINE: 0%
* Total number of goals: 26
* Number of covered goals: 0
* Coverage analysis for criterion BRANCH
* Coverage of criterion BRANCH: 0%
* Total number of goals: 19
* Number of covered goals: 0
* Coverage analysis for criterion EXCEPTION
* Coverage of criterion EXCEPTION: 100% (no goals)
* Coverage analysis for criterion WEAKMUTATION
* Coverage of criterion WEAKMUTATION: 0%
* Total number of goals: 110
* Number of covered goals: 0
* Coverage analysis for criterion OUTPUT
* Coverage of criterion OUTPUT: 0%
* Total number of goals: 2
* Number of covered goals: 0
* Coverage analysis for criterion METHOD
* Coverage of criterion METHOD: 0%
* Total number of goals: 1
* Number of covered goals: 0
* Coverage analysis for criterion METHODNOEXCEPTION
* Coverage of criterion METHODNOEXCEPTION: 0%
* Total number of goals: 1
* Number of covered goals: 0
* Coverage analysis for criterion CBRANCH
* Coverage of criterion CBRANCH: 0%
* Total number of goals: 19
* Number of covered goals: 0
* Generated 0 tests with total length 0
* Resulting test suite's coverage: 12% (average coverage for all fitness functions)
* Generating assertions
* Resulting test suite's mutation score: 0%
* Compiling and checking tests
* Writing JUnit test case 'Receipt_ESTest' to C:\Users\Ron\IdeaProjects\ATM\.evosuite\tmp_2016_03_12_09_32_24\tests
* Done!

