* Starting client
* Connecting to master process on port 21561
* Analyzing classpath: 
  - C:/Users/Ron/IdeaProjects/ATM/out
  - C:\Program Files\Java\jdk1.8.0_73\jre\lib\charsets.jar
  - C:\Program Files\Java\jdk1.8.0_73\jre\lib\deploy.jar
  - C:\Program Files\Java\jdk1.8.0_73\jre\lib\ext\access-bridge-64.jar
  - C:\Program Files\Java\jdk1.8.0_73\jre\lib\ext\cldrdata.jar
  - C:\Program Files\Java\jdk1.8.0_73\jre\lib\ext\dnsns.jar
  - C:\Program Files\Java\jdk1.8.0_73\jre\lib\ext\jaccess.jar
  - C:\Program Files\Java\jdk1.8.0_73\jre\lib\ext\jfxrt.jar
  - C:\Program Files\Java\jdk1.8.0_73\jre\lib\ext\localedata.jar
  - C:\Program Files\Java\jdk1.8.0_73\jre\lib\ext\nashorn.jar
  - C:\Program Files\Java\jdk1.8.0_73\jre\lib\ext\sunec.jar
  - C:\Program Files\Java\jdk1.8.0_73\jre\lib\ext\sunjce_provider.jar
  - C:\Program Files\Java\jdk1.8.0_73\jre\lib\ext\sunmscapi.jar
  - C:\Program Files\Java\jdk1.8.0_73\jre\lib\ext\sunpkcs11.jar
  - C:\Program Files\Java\jdk1.8.0_73\jre\lib\ext\zipfs.jar
  - C:\Program Files\Java\jdk1.8.0_73\jre\lib\javaws.jar
  - C:\Program Files\Java\jdk1.8.0_73\jre\lib\jce.jar
  - C:\Program Files\Java\jdk1.8.0_73\jre\lib\jfr.jar
  - C:\Program Files\Java\jdk1.8.0_73\jre\lib\jfxswt.jar
  - C:\Program Files\Java\jdk1.8.0_73\jre\lib\jsse.jar
  - C:\Program Files\Java\jdk1.8.0_73\jre\lib\management-agent.jar
  - C:\Program Files\Java\jdk1.8.0_73\jre\lib\plugin.jar
  - C:\Program Files\Java\jdk1.8.0_73\jre\lib\resources.jar
  - C:\Program Files\Java\jdk1.8.0_73\jre\lib\rt.jar
  - C:\Users\Ron\IdeaProjects\ATM\out
  - C:\Program Files (x86)\JetBrains\IntelliJ IDEA 15.0.3\lib\hamcrest-core-1.3.jar
  - C:\Program Files (x86)\JetBrains\IntelliJ IDEA 15.0.3\lib\junit.jar
  - C:\Program Files (x86)\JetBrains\IntelliJ IDEA 15.0.3\lib\junit-4.12.jar
* Finished analyzing classpath
* Generating tests for class atm.transaction.Transaction
* Test criteria:
  - Line Coverage
  - Branch Coverage
  - Exception
  - Mutation testing (weak)
  - Method-Output Coverage
  - Top-Level Method Coverage
  - No-Exception Top-Level Method Coverage
  - Context Branch Coverage
* Setting up search algorithm for whole suite generation
[MASTER] 09:32:35.157 [pool-2-thread-1] WARN  TestSuiteSerialization - Cannot load tests because file does not exist: C:\Users\Ron\IdeaProjects\ATM\.evosuite\evosuite-seeds\atm.transaction.Transaction.seed
* Total number of test goals: 
  - Line 81
  - Branch 41
  - Exception 0
  - MutationFactory 113
  - Output 29
  - Method 6
  - MethodNoException 6
  - CBranchFitnessFactory 41
* Using seed 1457803947476
* Starting evolution
* Search finished after 780s and 19856 generations, 3802794 statements, best individual has fitness: 232.76746031746032
* Writing sequences to pool
* Minimizing test suite
* Going to analyze the coverage criteria
* Coverage analysis for criterion LINE
* Coverage of criterion LINE: 23%
* Total number of goals: 81
* Number of covered goals: 19
* Coverage analysis for criterion BRANCH
* Coverage of criterion BRANCH: 27%
* Total number of goals: 41
* Number of covered goals: 11
* Coverage analysis for criterion EXCEPTION
* Coverage of criterion EXCEPTION: 100%
* Total number of goals: 5
* Number of covered goals: 5
* Coverage analysis for criterion WEAKMUTATION
* Coverage of criterion WEAKMUTATION: 37%
* Total number of goals: 113
* Number of covered goals: 42
* Coverage analysis for criterion OUTPUT
* Coverage of criterion OUTPUT: 14%
* Total number of goals: 29
* Number of covered goals: 4
* Coverage analysis for criterion METHOD
* Coverage of criterion METHOD: 100%
* Total number of goals: 6
* Number of covered goals: 6
* Coverage analysis for criterion METHODNOEXCEPTION
* Coverage of criterion METHODNOEXCEPTION: 33%
* Total number of goals: 6
* Number of covered goals: 2
* Coverage analysis for criterion CBRANCH
* Coverage of criterion CBRANCH: 27%
* Total number of goals: 41
* Number of covered goals: 11
* Generated 10 tests with total length 53
* Resulting test suite's coverage: 37% (average coverage for all fitness functions)
* Generating assertions
* Resulting test suite's mutation score: 14%
* Compiling and checking tests
* Permissions denied during test execution: 
  - java.lang.RuntimePermission: 
         writeFileDescriptor: 4
* Writing JUnit test case 'Transaction_ESTest' to C:\Users\Ron\IdeaProjects\ATM\.evosuite\tmp_2016_03_12_09_32_24\tests
* Done!

