* Starting client
* Connecting to master process on port 3342
* Analyzing classpath: 
  - C:/Users/Ron/IdeaProjects/ATM/out
  - C:\Program Files\Java\jdk1.8.0_73\jre\lib\charsets.jar
  - C:\Program Files\Java\jdk1.8.0_73\jre\lib\deploy.jar
  - C:\Program Files\Java\jdk1.8.0_73\jre\lib\ext\access-bridge-64.jar
  - C:\Program Files\Java\jdk1.8.0_73\jre\lib\ext\cldrdata.jar
  - C:\Program Files\Java\jdk1.8.0_73\jre\lib\ext\dnsns.jar
  - C:\Program Files\Java\jdk1.8.0_73\jre\lib\ext\jaccess.jar
  - C:\Program Files\Java\jdk1.8.0_73\jre\lib\ext\jfxrt.jar
  - C:\Program Files\Java\jdk1.8.0_73\jre\lib\ext\localedata.jar
  - C:\Program Files\Java\jdk1.8.0_73\jre\lib\ext\nashorn.jar
  - C:\Program Files\Java\jdk1.8.0_73\jre\lib\ext\sunec.jar
  - C:\Program Files\Java\jdk1.8.0_73\jre\lib\ext\sunjce_provider.jar
  - C:\Program Files\Java\jdk1.8.0_73\jre\lib\ext\sunmscapi.jar
  - C:\Program Files\Java\jdk1.8.0_73\jre\lib\ext\sunpkcs11.jar
  - C:\Program Files\Java\jdk1.8.0_73\jre\lib\ext\zipfs.jar
  - C:\Program Files\Java\jdk1.8.0_73\jre\lib\javaws.jar
  - C:\Program Files\Java\jdk1.8.0_73\jre\lib\jce.jar
  - C:\Program Files\Java\jdk1.8.0_73\jre\lib\jfr.jar
  - C:\Program Files\Java\jdk1.8.0_73\jre\lib\jfxswt.jar
  - C:\Program Files\Java\jdk1.8.0_73\jre\lib\jsse.jar
  - C:\Program Files\Java\jdk1.8.0_73\jre\lib\management-agent.jar
  - C:\Program Files\Java\jdk1.8.0_73\jre\lib\plugin.jar
  - C:\Program Files\Java\jdk1.8.0_73\jre\lib\resources.jar
  - C:\Program Files\Java\jdk1.8.0_73\jre\lib\rt.jar
  - C:\Users\Ron\IdeaProjects\ATM\out
  - C:\Program Files (x86)\JetBrains\IntelliJ IDEA 15.0.3\lib\hamcrest-core-1.3.jar
  - C:\Program Files (x86)\JetBrains\IntelliJ IDEA 15.0.3\lib\junit.jar
  - C:\Program Files (x86)\JetBrains\IntelliJ IDEA 15.0.3\lib\junit-4.12.jar
* Finished analyzing classpath
* Generating tests for class simulation.Simulation
* Test criteria:
  - Line Coverage
  - Branch Coverage
  - Exception
  - Mutation testing (weak)
  - Method-Output Coverage
  - Top-Level Method Coverage
  - No-Exception Top-Level Method Coverage
  - Context Branch Coverage
* Setting up search algorithm for whole suite generation
[MASTER] 10:08:56.887 [pool-2-thread-1] WARN  TestSuiteSerialization - Cannot load tests because file does not exist: C:\Users\Ron\IdeaProjects\ATM\.evosuite\evosuite-seeds\simulation.Simulation.seed
* Total number of test goals: 
  - Line 48
  - Branch 19
  - Exception 0
  - MutationFactory 28
  - Output 50
  - Method 18
  - MethodNoException 18
  - CBranchFitnessFactory 19
* Using seed 1457806134346
* Starting evolution
* Search finished after 70s and 4054 generations, 284921 statements, best individual has fitness: 235.5
* Writing sequences to pool
* Minimizing test suite
* Going to analyze the coverage criteria
* Coverage analysis for criterion LINE
* Coverage of criterion LINE: 6%
* Total number of goals: 48
* Number of covered goals: 3
* Coverage analysis for criterion BRANCH
* Coverage of criterion BRANCH: 11%
* Total number of goals: 19
* Number of covered goals: 2
* Coverage analysis for criterion EXCEPTION
* Coverage of criterion EXCEPTION: 100%
* Total number of goals: 1
* Number of covered goals: 1
* Coverage analysis for criterion WEAKMUTATION
* Coverage of criterion WEAKMUTATION: 0%
* Total number of goals: 28
* Number of covered goals: 0
* Coverage analysis for criterion OUTPUT
* Coverage of criterion OUTPUT: 2%
* Total number of goals: 50
* Number of covered goals: 1
* Coverage analysis for criterion METHOD
* Coverage of criterion METHOD: 17%
* Total number of goals: 18
* Number of covered goals: 3
* Coverage analysis for criterion METHODNOEXCEPTION
* Coverage of criterion METHODNOEXCEPTION: 6%
* Total number of goals: 18
* Number of covered goals: 1
* Coverage analysis for criterion CBRANCH
* Coverage of criterion CBRANCH: 11%
* Total number of goals: 19
* Number of covered goals: 2
* Generated 3 tests with total length 3
* Resulting test suite's coverage: 18% (average coverage for all fitness functions)
* Generating assertions
* Resulting test suite's mutation score: 0%
* Compiling and checking tests
* Writing JUnit test case 'Simulation_ESTest' to C:\Users\Ron\IdeaProjects\ATM\.evosuite\tmp_2016_03_12_09_32_24\tests
* Done!

