* Starting client
* Connecting to master process on port 2588
* Analyzing classpath: 
  - C:/Users/Ron/IdeaProjects/ATM/out
  - C:\Program Files\Java\jdk1.8.0_73\jre\lib\charsets.jar
  - C:\Program Files\Java\jdk1.8.0_73\jre\lib\deploy.jar
  - C:\Program Files\Java\jdk1.8.0_73\jre\lib\ext\access-bridge-64.jar
  - C:\Program Files\Java\jdk1.8.0_73\jre\lib\ext\cldrdata.jar
  - C:\Program Files\Java\jdk1.8.0_73\jre\lib\ext\dnsns.jar
  - C:\Program Files\Java\jdk1.8.0_73\jre\lib\ext\jaccess.jar
  - C:\Program Files\Java\jdk1.8.0_73\jre\lib\ext\jfxrt.jar
  - C:\Program Files\Java\jdk1.8.0_73\jre\lib\ext\localedata.jar
  - C:\Program Files\Java\jdk1.8.0_73\jre\lib\ext\nashorn.jar
  - C:\Program Files\Java\jdk1.8.0_73\jre\lib\ext\sunec.jar
  - C:\Program Files\Java\jdk1.8.0_73\jre\lib\ext\sunjce_provider.jar
  - C:\Program Files\Java\jdk1.8.0_73\jre\lib\ext\sunmscapi.jar
  - C:\Program Files\Java\jdk1.8.0_73\jre\lib\ext\sunpkcs11.jar
  - C:\Program Files\Java\jdk1.8.0_73\jre\lib\ext\zipfs.jar
  - C:\Program Files\Java\jdk1.8.0_73\jre\lib\javaws.jar
  - C:\Program Files\Java\jdk1.8.0_73\jre\lib\jce.jar
  - C:\Program Files\Java\jdk1.8.0_73\jre\lib\jfr.jar
  - C:\Program Files\Java\jdk1.8.0_73\jre\lib\jfxswt.jar
  - C:\Program Files\Java\jdk1.8.0_73\jre\lib\jsse.jar
  - C:\Program Files\Java\jdk1.8.0_73\jre\lib\management-agent.jar
  - C:\Program Files\Java\jdk1.8.0_73\jre\lib\plugin.jar
  - C:\Program Files\Java\jdk1.8.0_73\jre\lib\resources.jar
  - C:\Program Files\Java\jdk1.8.0_73\jre\lib\rt.jar
  - C:\Users\Ron\IdeaProjects\ATM\out
  - C:\Program Files (x86)\JetBrains\IntelliJ IDEA 15.0.3\lib\hamcrest-core-1.3.jar
  - C:\Program Files (x86)\JetBrains\IntelliJ IDEA 15.0.3\lib\junit.jar
  - C:\Program Files (x86)\JetBrains\IntelliJ IDEA 15.0.3\lib\junit-4.12.jar
[MASTER] 09:55:46.361 [pool-2-thread-1] WARN  TestUsageChecker - class javax.swing.JSlider$1SmartHashtable looks like an anonymous class, ignoring it (although reflection says false) SmartHashtable
* Finished analyzing classpath
* Generating tests for class simulation.SimCardReader
* Test criteria:
  - Line Coverage
  - Branch Coverage
  - Exception
  - Mutation testing (weak)
  - Method-Output Coverage
  - Top-Level Method Coverage
  - No-Exception Top-Level Method Coverage
  - Context Branch Coverage
* Setting up search algorithm for whole suite generation
[MASTER] 09:55:49.552 [pool-2-thread-1] WARN  TestSuiteSerialization - Cannot load tests because file does not exist: C:\Users\Ron\IdeaProjects\ATM\.evosuite\evosuite-seeds\simulation.SimCardReader.seed
* Total number of test goals: 
  - Line 37
  - Branch 12
  - Exception 0
  - MutationFactory 222
  - Output 0
  - Method 4
  - MethodNoException 4
  - CBranchFitnessFactory 12
* Using seed 1457805342394
* Starting evolution
* Search finished after 183s and 10058 generations, 662820 statements, best individual has fitness: 285.4736842105263
* Writing sequences to pool
* Minimizing test suite
* Going to analyze the coverage criteria
* Coverage analysis for criterion LINE
* Coverage of criterion LINE: 0%
* Total number of goals: 37
* Number of covered goals: 0
* Coverage analysis for criterion BRANCH
* Coverage of criterion BRANCH: 8%
* Total number of goals: 12
* Number of covered goals: 1
* Coverage analysis for criterion EXCEPTION
* Coverage of criterion EXCEPTION: 100%
* Total number of goals: 1
* Number of covered goals: 1
* Coverage analysis for criterion WEAKMUTATION
* Coverage of criterion WEAKMUTATION: 0%
* Total number of goals: 222
* Number of covered goals: 0
* Coverage analysis for criterion OUTPUT
* Coverage of criterion OUTPUT: 100% (no goals)
* Coverage analysis for criterion METHOD
* Coverage of criterion METHOD: 25%
* Total number of goals: 4
* Number of covered goals: 1
* Coverage analysis for criterion METHODNOEXCEPTION
* Coverage of criterion METHODNOEXCEPTION: 0%
* Total number of goals: 4
* Number of covered goals: 0
* Coverage analysis for criterion CBRANCH
* Coverage of criterion CBRANCH: 0%
* Total number of goals: 12
* Number of covered goals: 0
* Generated 1 tests with total length 1
* Resulting test suite's coverage: 29% (average coverage for all fitness functions)
* Generating assertions
* Resulting test suite's mutation score: 0%
* Compiling and checking tests
* Writing JUnit test case 'SimCardReader_ESTest' to C:\Users\Ron\IdeaProjects\ATM\.evosuite\tmp_2016_03_12_09_32_24\tests
* Done!

